Watching for file changes with StatReloader
Unauthorized: /api/v1/
Method Not Allowed: /api/auth/login/
Method Not Allowed: /api/auth/login/
Unauthorized: /api/v1/
Method Not Allowed: /api/auth/login/
Not Found: /
Not Found: /
Unauthorized: /api/v1/
Method Not Allowed: /api/auth/login/
Method Not Allowed: /api/auth/login/
Unauthorized: /api/v1/
Method Not Allowed: /api/auth/login/
Method Not Allowed: /api/auth/login/
Unauthorized: /api/v1/
Not Found: /
Unauthorized: /api/v1/
Not Found: /api/auth/login/
Not Found: /
Not Found: /
Not Found: /
Unauthorized: /api/v1/
Unauthorized: /api/v1/
